2026-04-30 06:57:07,272 INFO o.a.j.u.JMeterUtils: Setting Locale to en_EN
2026-04-30 06:57:07,293 INFO o.a.j.JMeter: Loading user properties from: C:\Users\PC\Downloads\apache-jmeter-5.6.3\apache-jmeter-5.6.3\bin\user.properties
2026-04-30 06:57:07,294 INFO o.a.j.JMeter: Loading system properties from: C:\Users\PC\Downloads\apache-jmeter-5.6.3\apache-jmeter-5.6.3\bin\system.properties
2026-04-30 06:57:07,303 INFO o.a.j.JMeter: Copyright (c) 1998-2024 The Apache Software Foundation
2026-04-30 06:57:07,303 INFO o.a.j.JMeter: Version 5.6.3
2026-04-30 06:57:07,304 INFO o.a.j.JMeter: java.version=25.0.3
2026-04-30 06:57:07,304 INFO o.a.j.JMeter: java.vm.name=OpenJDK 64-Bit Server VM
2026-04-30 06:57:07,304 INFO o.a.j.JMeter: os.name=Windows 11
2026-04-30 06:57:07,304 INFO o.a.j.JMeter: os.arch=amd64
2026-04-30 06:57:07,304 INFO o.a.j.JMeter: os.version=10.0
2026-04-30 06:57:07,304 INFO o.a.j.JMeter: file.encoding=UTF-8
2026-04-30 06:57:07,304 INFO o.a.j.JMeter: java.awt.headless=true
2026-04-30 06:57:07,304 INFO o.a.j.JMeter: Max memory     =1073741824
2026-04-30 06:57:07,304 INFO o.a.j.JMeter: Available Processors =8
2026-04-30 06:57:07,333 INFO o.a.j.JMeter: Default Locale=English (EN)
2026-04-30 06:57:07,334 INFO o.a.j.JMeter: JMeter  Locale=English (EN)
2026-04-30 06:57:07,334 INFO o.a.j.JMeter: JMeterHome=C:\Users\PC\Downloads\apache-jmeter-5.6.3\apache-jmeter-5.6.3
2026-04-30 06:57:07,334 INFO o.a.j.JMeter: user.dir  =C:\Users\PC\Fasilkom\Term4\Adpro
2026-04-30 06:57:07,335 INFO o.a.j.JMeter: PWD       =C:\Users\PC\Fasilkom\Term4\Adpro
2026-04-30 06:57:07,339 INFO o.a.j.JMeter: IP: 192.168.1.75 Name: DESKTOP-N5P84SK FullName: DESKTOP-N5P84SK
2026-04-30 06:57:07,366 INFO o.a.j.s.FileServer: Default base='C:\Users\PC\Fasilkom\Term4\Adpro'
2026-04-30 06:57:07,367 INFO o.a.j.s.FileServer: Set new base='C:\Users\PC\Fasilkom\Term4\Adpro'
2026-04-30 06:57:07,781 INFO o.a.j.s.SaveService: Testplan (JMX) version: 2.2. Testlog (JTL) version: 2.2
2026-04-30 06:57:07,824 INFO o.a.j.s.SaveService: Using SaveService properties version 5.0
2026-04-30 06:57:07,829 INFO o.a.j.s.SaveService: Using SaveService properties file encoding UTF-8
2026-04-30 06:57:07,834 INFO o.a.j.s.SaveService: Loading file: test_plan_2.jmx
2026-04-30 06:57:07,926 INFO o.a.j.p.h.s.HTTPSamplerBase: Parser for text/html is org.apache.jmeter.protocol.http.parser.LagartoBasedHtmlParser
2026-04-30 06:57:07,926 INFO o.a.j.p.h.s.HTTPSamplerBase: Parser for application/xhtml+xml is org.apache.jmeter.protocol.http.parser.LagartoBasedHtmlParser
2026-04-30 06:57:07,926 INFO o.a.j.p.h.s.HTTPSamplerBase: Parser for application/xml is org.apache.jmeter.protocol.http.parser.LagartoBasedHtmlParser
2026-04-30 06:57:07,926 INFO o.a.j.p.h.s.HTTPSamplerBase: Parser for text/xml is org.apache.jmeter.protocol.http.parser.LagartoBasedHtmlParser
2026-04-30 06:57:07,926 INFO o.a.j.p.h.s.HTTPSamplerBase: Parser for text/vnd.wap.wml is org.apache.jmeter.protocol.http.parser.RegexpHTMLParser
2026-04-30 06:57:07,926 INFO o.a.j.p.h.s.HTTPSamplerBase: Parser for text/css is org.apache.jmeter.protocol.http.parser.CssParser
2026-04-30 06:57:07,978 INFO o.a.j.JMeter: Creating summariser <summary>
2026-04-30 06:57:08,012 INFO o.a.j.e.StandardJMeterEngine: Running the test!
2026-04-30 06:57:08,014 INFO o.a.j.s.SampleEvent: List of sample_variables: []
2026-04-30 06:57:08,014 INFO o.a.j.s.SampleEvent: List of sample_variables: []
2026-04-30 06:57:08,028 INFO o.a.j.e.u.CompoundVariable: Note: Function class names must contain the string: '.functions.'
2026-04-30 06:57:08,028 INFO o.a.j.e.u.CompoundVariable: Note: Function class names must not contain the string: '.gui.'
2026-04-30 06:57:08,160 INFO o.a.j.JMeter: Running test (1777507028160)
2026-04-30 06:57:08,185 INFO o.a.j.e.StandardJMeterEngine: Starting ThreadGroup: 1 : Thread Group 2
2026-04-30 06:57:08,185 INFO o.a.j.e.StandardJMeterEngine: Starting 10 threads for group Thread Group 2.
2026-04-30 06:57:08,185 INFO o.a.j.e.StandardJMeterEngine: Thread will continue on error
2026-04-30 06:57:08,185 INFO o.a.j.t.ThreadGroup: Starting thread group... number=1 threads=10 ramp-up=1 delayedStart=false
2026-04-30 06:57:08,194 INFO o.a.j.t.ThreadGroup: Started thread group number 1
2026-04-30 06:57:08,194 INFO o.a.j.t.JMeterThread: Thread started: Thread Group 2 1-1
2026-04-30 06:57:08,194 INFO o.a.j.e.StandardJMeterEngine: All thread groups have been started
2026-04-30 06:57:08,211 INFO o.a.j.p.h.s.HTTPHCAbstractImpl: Local host = DESKTOP-N5P84SK
2026-04-30 06:57:08,216 INFO o.a.j.p.h.s.HTTPHC4Impl: HTTP request retry count = 0
2026-04-30 06:57:08,217 INFO o.a.j.s.SampleResult: Note: Sample TimeStamps are START times
2026-04-30 06:57:08,217 INFO o.a.j.s.SampleResult: sampleresult.default.encoding is set to UTF-8
2026-04-30 06:57:08,217 INFO o.a.j.s.SampleResult: sampleresult.useNanoTime=true
2026-04-30 06:57:08,217 INFO o.a.j.s.SampleResult: sampleresult.nanoThreadSleep=5000
2026-04-30 06:57:08,289 INFO o.a.j.t.JMeterThread: Thread started: Thread Group 2 1-2
2026-04-30 06:57:08,389 INFO o.a.j.t.JMeterThread: Thread started: Thread Group 2 1-3
2026-04-30 06:57:08,489 INFO o.a.j.t.JMeterThread: Thread started: Thread Group 2 1-4
2026-04-30 06:57:08,588 INFO o.a.j.t.JMeterThread: Thread started: Thread Group 2 1-5
2026-04-30 06:57:08,689 INFO o.a.j.t.JMeterThread: Thread started: Thread Group 2 1-6
2026-04-30 06:57:08,788 INFO o.a.j.t.JMeterThread: Thread started: Thread Group 2 1-7
2026-04-30 06:57:08,910 INFO o.a.j.t.JMeterThread: Thread started: Thread Group 2 1-8
2026-04-30 06:57:08,987 INFO o.a.j.t.JMeterThread: Thread started: Thread Group 2 1-9
2026-04-30 06:57:09,086 INFO o.a.j.t.JMeterThread: Thread started: Thread Group 2 1-10
2026-04-30 06:57:14,015 INFO o.a.j.t.JMeterThread: Stopping because end time detected by thread: Thread Group 2 1-4
2026-04-30 06:57:14,015 INFO o.a.j.t.JMeterThread: Stopping because end time detected by thread: Thread Group 2 1-3
2026-04-30 06:57:14,016 INFO o.a.j.t.JMeterThread: Thread is done: Thread Group 2 1-4
2026-04-30 06:57:14,016 INFO o.a.j.t.JMeterThread: Thread is done: Thread Group 2 1-3
2026-04-30 06:57:14,017 INFO o.a.j.t.JMeterThread: Thread finished: Thread Group 2 1-4
2026-04-30 06:57:14,017 INFO o.a.j.t.JMeterThread: Thread finished: Thread Group 2 1-3
2026-04-30 06:57:14,042 INFO o.a.j.t.JMeterThread: Stopping because end time detected by thread: Thread Group 2 1-5
2026-04-30 06:57:14,042 INFO o.a.j.t.JMeterThread: Thread is done: Thread Group 2 1-5
2026-04-30 06:57:14,043 INFO o.a.j.t.JMeterThread: Thread finished: Thread Group 2 1-5
2026-04-30 06:57:14,200 INFO o.a.j.t.JMeterThread: Stopping because end time detected by thread: Thread Group 2 1-9
2026-04-30 06:57:14,200 INFO o.a.j.t.JMeterThread: Thread is done: Thread Group 2 1-9
2026-04-30 06:57:14,201 INFO o.a.j.t.JMeterThread: Thread finished: Thread Group 2 1-9
2026-04-30 06:57:14,265 INFO o.a.j.t.JMeterThread: Stopping because end time detected by thread: Thread Group 2 1-10
2026-04-30 06:57:14,266 INFO o.a.j.t.JMeterThread: Thread is done: Thread Group 2 1-10
2026-04-30 06:57:14,266 INFO o.a.j.t.JMeterThread: Thread finished: Thread Group 2 1-10
2026-04-30 06:57:15,203 INFO o.a.j.t.JMeterThread: Stopping because end time detected by thread: Thread Group 2 1-2
2026-04-30 06:57:15,204 INFO o.a.j.t.JMeterThread: Thread is done: Thread Group 2 1-2
2026-04-30 06:57:15,204 INFO o.a.j.t.JMeterThread: Thread finished: Thread Group 2 1-2
2026-04-30 06:57:15,311 INFO o.a.j.t.JMeterThread: Stopping because end time detected by thread: Thread Group 2 1-1
2026-04-30 06:57:15,312 INFO o.a.j.t.JMeterThread: Thread is done: Thread Group 2 1-1
2026-04-30 06:57:15,312 INFO o.a.j.t.JMeterThread: Thread finished: Thread Group 2 1-1
2026-04-30 06:57:15,434 INFO o.a.j.t.JMeterThread: Stopping because end time detected by thread: Thread Group 2 1-8
2026-04-30 06:57:15,435 INFO o.a.j.t.JMeterThread: Thread is done: Thread Group 2 1-8
2026-04-30 06:57:15,436 INFO o.a.j.t.JMeterThread: Thread finished: Thread Group 2 1-8
2026-04-30 06:57:15,445 INFO o.a.j.t.JMeterThread: Stopping because end time detected by thread: Thread Group 2 1-6
2026-04-30 06:57:15,445 INFO o.a.j.t.JMeterThread: Thread is done: Thread Group 2 1-6
2026-04-30 06:57:15,446 INFO o.a.j.t.JMeterThread: Thread finished: Thread Group 2 1-6
2026-04-30 06:57:15,470 INFO o.a.j.t.JMeterThread: Stopping because end time detected by thread: Thread Group 2 1-7
2026-04-30 06:57:15,470 INFO o.a.j.t.JMeterThread: Thread is done: Thread Group 2 1-7
2026-04-30 06:57:15,470 INFO o.a.j.t.JMeterThread: Thread finished: Thread Group 2 1-7
2026-04-30 06:57:15,471 INFO o.a.j.e.StandardJMeterEngine: Notifying test listeners of end of test
2026-04-30 06:57:15,474 INFO o.a.j.r.Summariser: summary =     10 in 00:00:07 =    1.4/s Avg:  6071 Min:  5176 Max:  7022 Err:     0 (0.00%)
